06/11/2023  14:49:31 - USER ADDED :  John Doe
06/11/2023  14:54:11 - USER ADDED :  John Doe
06/11/2023  15:13:01 - USER ADDED :  John Doe
06/11/2023  15:37:55 - USER ADDED :  John Doe
07/11/2023  10:29:30 - JOB ADDED : DevOps (F/H) by user_id : 1
07/11/2023  11:23:57 - JOB ADDED : DevOps by user_id : 1
07/11/2023  11:24:46 - JOB ADDED : DevOps by user_id : 1
07/11/2023  11:36:07 - JOB ADDED : DevOps by user_id : 1
07/11/2023  11:38:19 - JOB ADDED : DevOps by user_id : 1
07/11/2023  11:38:44 - JOB ADDED : DevOps by user_id : 1
07/11/2023  11:40:03 - JOB ADDED : DevOps by user_id : 1
07/11/2023  11:41:39 - JOB ADDED : DevOps by user_id : 1
07/11/2023  11:42:16 - JOB ADDED : DevOps by user_id : 1
07/11/2023  15:04:00 - JOB ADDED : DevOps by user_id : 1
07/11/2023  15:10:56 - JOB ADDED : DevOps by user_id : 1
07/11/2023  15:18:51 - JOB ADDED : devOps by user_id : 1
07/11/2023  15:34:48 - JOB ADDED : devops by user_id : 1
07/11/2023  16:42:24 - JOB ADDED : DevOps (F/H) by user_id : 1
07/11/2023  16:48:19 - JOB ADDED : Développeur FullStack (F/H) by user_id : 1
07/11/2023  16:51:38 - JOB ADDED : Analyste Fonctionnel (F/H) by user_id : 1
07/11/2023  17:00:31 - JOB ADDED : Test by user_id : 1
07/11/2023  17:01:10 - JOB ADDED : test by user_id : 1
07/11/2023  17:03:08 - JOB ADDED : test by user_id : 1
07/11/2023  17:03:19 - JOB ADDED : test by user_id : 1
07/11/2023  17:03:43 - JOB ADDED : test by user_id : 1
07/11/2023  17:04:12 - JOB ADDED : test by user_id : 1
07/11/2023  21:45:29 - JOB ADDED : test by user_id : 1
07/11/2023  21:46:56 - JOB ADDED : test by user_id : 1
07/11/2023  21:47:21 - JOB ADDED : test by user_id : 1
07/11/2023  22:32:58 - JOB ADDED : test by user_id : 1
07/11/2023  22:35:25 - JOB ADDED : test by user_id : 1
07/11/2023  22:35:44 - JOB ADDED : test by user_id : 1
07/11/2023  22:40:09 - JOB ADDED : test by user_id : 1
07/11/2023  22:42:44 - JOB ADDED : test by user_id : 1
07/11/2023  23:28:35 - JOB ADDED : test by user_id : 1
07/11/2023  23:45:33 - JOB ADDED : test by user_id : 1
07/11/2023  23:50:41 - JOB ADDED : test by user_id : 1
07/11/2023  23:51:50 - JOB ADDED : test by user_id : 1
07/11/2023  23:53:09 - JOB ADDED : test by user_id : 1
10/11/2023  00:49:38 - USER ADDED :  Alex Balak
10/11/2023  00:58:14 - USER ADDED :   
10/11/2023  01:16:34 - USER ADDED :   
10/11/2023  01:17:50 - USER ADDED :   
10/11/2023  01:36:15 - USER ADDED :   
